<?xml version="1.0" encoding="UTF-8"?>
<testsuite name="org.example.template.JdbcTemplateCfgTest" tests="1" skipped="0" failures="0" errors="0" timestamp="2025-07-18T18:27:05" hostname="Users-MacBook-Pro.local" time="0.046">
  <properties/>
  <testcase name="testSpringJdbcWithH2Db()" classname="org.example.template.JdbcTemplateCfgTest" time="0.046"/>
  <system-out><![CDATA[user1
]]></system-out>
  <system-err><![CDATA[[Test worker] INFO org.springframework.jdbc.datasource.embedded.EmbeddedDatabaseFactory - Starting embedded database: url='jdbc:h2:mem:testdb;DB_CLOSE_DELAY=-1;DB_CLOSE_ON_EXIT=false', username='sa'
[Test worker] INFO org.example.config.BasicDataSourceCfg - START
[Test worker] INFO org.example.config.SimpleDataSourceCfg - START
]]></system-err>
</testsuite>
