<?xml version="1.0" encoding="UTF-8"?>
<testsuite name="org.example.config.BasicDataSourceCfgTest" tests="1" skipped="0" failures="0" errors="0" timestamp="2025-07-18T18:26:54" hostname="Users-MacBook-Pro.local" time="10.743">
  <properties/>
  <testcase name="testBasicDataSource()" classname="org.example.config.BasicDataSourceCfgTest" time="10.743"/>
  <system-out><![CDATA[]]></system-out>
  <system-err><![CDATA[[Test worker] INFO org.example.config.BasicDataSourceCfgTest - testBasicDataSource
[Test worker] INFO org.testcontainers.images.PullPolicy - Image pull policy will be performed by: DefaultPullPolicy()
[Test worker] INFO org.testcontainers.utility.ImageNameSubstitutor - Image name substitution will be performed by: DefaultImageNameSubstitutor (composite of 'ConfigurationFileImageNameSubstitutor' and 'PrefixingImageNameSubstitutor')
[Test worker] INFO org.testcontainers.DockerClientFactory - Testcontainers version: 1.21.1
[Test worker] INFO org.testcontainers.dockerclient.DockerClientProviderStrategy - Loaded org.testcontainers.dockerclient.UnixSocketClientProviderStrategy from ~/.testcontainers.properties, will try it first
[Test worker] INFO org.testcontainers.dockerclient.DockerClientProviderStrategy - Found Docker environment with local Unix socket (unix:///var/run/docker.sock)
[Test worker] INFO org.testcontainers.DockerClientFactory - Docker host IP address is localhost
[Test worker] INFO org.testcontainers.DockerClientFactory - Connected to docker: 
  Server Version: 20.10.17
  API Version: 1.41
  Operating System: Docker Desktop
  Total Memory: 7851 MB
[Test worker] INFO tc.testcontainers/ryuk:0.11.0 - Creating container for image: testcontainers/ryuk:0.11.0
[Test worker] INFO org.testcontainers.utility.RegistryAuthLocator - Credential helper/store (docker-credential-desktop) does not have credentials for https://index.docker.io/v1/
[Test worker] INFO tc.testcontainers/ryuk:0.11.0 - Container testcontainers/ryuk:0.11.0 is starting: b94a6c7bc2a596204ecf4110a9b741e568f02505ee2b1d2b47a673a923319f1d
[Test worker] INFO tc.testcontainers/ryuk:0.11.0 - Container testcontainers/ryuk:0.11.0 started in PT0.547269S
[Test worker] INFO org.testcontainers.utility.RyukResourceReaper - Ryuk started - will monitor and terminate Testcontainers containers on JVM exit
[Test worker] INFO org.testcontainers.DockerClientFactory - Checking the system...
[Test worker] INFO org.testcontainers.DockerClientFactory - ✔︎ Docker server version should be at least 1.6.0
[Test worker] INFO tc.mysql:8.0 - Creating container for image: mysql:8.0
[Test worker] INFO tc.mysql:8.0 - Container mysql:8.0 is starting: cfe9e5cac30d323afbefa521dc1e15708b0749f7cd09c10314d5afe35ab1a139
[Test worker] INFO tc.mysql:8.0 - Waiting for database connection to become available at jdbc:mysql://localhost:58204/test using query 'SELECT 1'
[Test worker] INFO tc.mysql:8.0 - Container mysql:8.0 started in PT9.414141S
[Test worker] INFO tc.mysql:8.0 - Container is started (JDBC URL: jdbc:mysql://localhost:58204/test)
[Test worker] INFO org.example.config.BasicDataSourceCfg - START
[Test worker] INFO org.springframework.jdbc.datasource.embedded.EmbeddedDatabaseFactory - Starting embedded database: url='jdbc:h2:mem:testdb;DB_CLOSE_DELAY=-1;DB_CLOSE_ON_EXIT=false', username='sa'
[Test worker] INFO org.example.config.SimpleDataSourceCfg - START
Loading class `com.mysql.jdbc.Driver'. This is deprecated. The new driver class is `com.mysql.cj.jdbc.Driver'. The driver is automatically registered via the SPI and manual loading of the driver class is generally unnecessary.
]]></system-err>
</testsuite>
