<?xml version="1.0" encoding="UTF-8"?>
<testsuite name="org.example.container.JdbcContainerTest" tests="1" skipped="0" failures="0" errors="0" timestamp="2025-07-18T18:27:05" hostname="Users-MacBook-Pro.local" time="0.005">
  <properties/>
  <testcase name="testJdbcContainer()" classname="org.example.container.JdbcContainerTest" time="0.005"/>
  <system-out><![CDATA[]]></system-out>
  <system-err><![CDATA[[Test worker] INFO org.springframework.test.context.support.DefaultTestContextBootstrapper - Loaded default TestExecutionListener class names from location [META-INF/spring.factories]: [org.springframework.test.context.web.ServletTestExecutionListener, org.springframework.test.context.support.DirtiesContextBeforeModesTestExecutionListener, org.springframework.test.context.event.ApplicationEventsTestExecutionListener, org.springframework.test.context.support.DependencyInjectionTestExecutionListener, org.springframework.test.context.support.DirtiesContextTestExecutionListener, org.springframework.test.context.transaction.TransactionalTestExecutionListener, org.springframework.test.context.jdbc.SqlScriptsTestExecutionListener, org.springframework.test.context.event.EventPublishingTestExecutionListener]
[Test worker] INFO org.springframework.test.context.support.DefaultTestContextBootstrapper - Using TestExecutionListeners: [org.springframework.test.context.support.DirtiesContextBeforeModesTestExecutionListener@17222c11, org.springframework.test.context.event.ApplicationEventsTestExecutionListener@2db15f70, org.springframework.test.context.support.DependencyInjectionTestExecutionListener@25974207, org.springframework.test.context.support.DirtiesContextTestExecutionListener@1f15e689, org.springframework.test.context.transaction.TransactionalTestExecutionListener@195113de, org.springframework.test.context.jdbc.SqlScriptsTestExecutionListener@3ebc955b, org.springframework.test.context.event.EventPublishingTestExecutionListener@21a46ff1]
]]></system-err>
</testsuite>
