<?xml version="1.0" encoding="UTF-8"?>
<testsuite name="org.example.repo.JdbcRepoTest" tests="1" skipped="0" failures="0" errors="0" timestamp="2025-07-18T18:27:05" hostname="Users-MacBook-Pro.local" time="0.044">
  <properties/>
  <testcase name="Should return all users from DB" classname="org.example.repo.JdbcRepoTest" time="0.044"/>
  <system-out><![CDATA[admin
user2
user1
]]></system-out>
  <system-err><![CDATA[[Test worker] INFO org.springframework.test.context.support.DefaultTestContextBootstrapper - Loaded default TestExecutionListener class names from location [META-INF/spring.factories]: [org.springframework.test.context.web.ServletTestExecutionListener, org.springframework.test.context.support.DirtiesContextBeforeModesTestExecutionListener, org.springframework.test.context.event.ApplicationEventsTestExecutionListener, org.springframework.test.context.support.DependencyInjectionTestExecutionListener, org.springframework.test.context.support.DirtiesContextTestExecutionListener, org.springframework.test.context.transaction.TransactionalTestExecutionListener, org.springframework.test.context.jdbc.SqlScriptsTestExecutionListener, org.springframework.test.context.event.EventPublishingTestExecutionListener]
[Test worker] INFO org.springframework.test.context.support.DefaultTestContextBootstrapper - Using TestExecutionListeners: [org.springframework.test.context.support.DirtiesContextBeforeModesTestExecutionListener@2df65a56, org.springframework.test.context.event.ApplicationEventsTestExecutionListener@113f9078, org.springframework.test.context.support.DependencyInjectionTestExecutionListener@7c1503a3, org.springframework.test.context.support.DirtiesContextTestExecutionListener@586495f1, org.springframework.test.context.transaction.TransactionalTestExecutionListener@47df5041, org.springframework.test.context.jdbc.SqlScriptsTestExecutionListener@2a0ea492, org.springframework.test.context.event.EventPublishingTestExecutionListener@7e52a26b]
[Test worker] INFO org.example.config.BasicDataSourceCfg - START
[Test worker] INFO org.example.config.SimpleDataSourceCfg - START
[Test worker] INFO org.springframework.jdbc.datasource.embedded.EmbeddedDatabaseFactory - Starting embedded database: url='jdbc:h2:mem:testdb;DB_CLOSE_DELAY=-1;DB_CLOSE_ON_EXIT=false', username='sa'
[Test worker] INFO org.example.repo.JdbcRepoTest - USERS:
]]></system-err>
</testsuite>
